<?xml version="1.0" encoding="UTF-8"?>
<!-- Generated by org.testng.reporters.JUnitReportReporter -->
<testsuite hostname="Saiful" name="com.viasat.ReadDataExcel" tests="1" failures="0" timestamp="5 Dec 2017 04:52:21 GMT" time="12.026" errors="0">
  <testcase name="gmailLoginTest" time="12.026" classname="com.viasat.ReadDataExcel"/>
</testsuite> <!-- com.viasat.ReadDataExcel -->
