<?xml version="1.0" encoding="UTF-8"?>
<!-- Generated by org.testng.reporters.JUnitReportReporter -->
<testsuite hostname="Saiful" name="com.viasat.HeaderLinkClick" tests="6" failures="0" timestamp="25 Nov 2017 23:49:55 GMT" time="90.514" errors="0">
  <testcase name="aboutLinkTest" time="16.121" classname="com.viasat.HeaderLinkClick"/>
  <testcase name="supportTrainingLinkTest" time="14.545" classname="com.viasat.HeaderLinkClick"/>
  <testcase name="careersLinkTest" time="15.233" classname="com.viasat.HeaderLinkClick"/>
  <testcase name="contactLinkTest" time="12.866" classname="com.viasat.HeaderLinkClick"/>
  <testcase name="industriesApplicationsLinkTest" time="17.250" classname="com.viasat.HeaderLinkClick"/>
  <testcase name="serviceSystemLinkTest" time="14.499" classname="com.viasat.HeaderLinkClick"/>
</testsuite> <!-- com.viasat.HeaderLinkClick -->
