<?xml version="1.0" encoding="UTF-8"?>
<!-- Generated by org.testng.reporters.JUnitReportReporter -->
<testsuite hostname="Saiful" name="com.viasat.CloseNewOpenTab" tests="1" failures="0" timestamp="3 Dec 2017 10:21:59 GMT" time="15.639" errors="0">
  <testcase name="closeNewTabTest" time="15.639" classname="com.viasat.CloseNewOpenTab"/>
</testsuite> <!-- com.viasat.CloseNewOpenTab -->
