<?xml version="1.0" encoding="UTF-8"?>
<!-- Generated by org.testng.reporters.JUnitReportReporter -->
<testsuite hostname="Saiful" name="com.viasat.HeaderLinkClick" tests="6" failures="0" timestamp="26 Nov 2017 04:55:50 GMT" time="85.982" errors="0">
  <testcase name="aboutLinkTest" time="15.412" classname="com.viasat.HeaderLinkClick"/>
  <testcase name="supportTrainingLinkTest" time="14.637" classname="com.viasat.HeaderLinkClick"/>
  <testcase name="careersLinkTest" time="13.929" classname="com.viasat.HeaderLinkClick"/>
  <testcase name="contactLinkTest" time="13.618" classname="com.viasat.HeaderLinkClick"/>
  <testcase name="industriesApplicationsLinkTest" time="13.929" classname="com.viasat.HeaderLinkClick"/>
  <testcase name="serviceSystemLinkTest" time="14.457" classname="com.viasat.HeaderLinkClick"/>
</testsuite> <!-- com.viasat.HeaderLinkClick -->
