<?xml version="1.0" encoding="UTF-8"?>
<!-- Generated by org.testng.reporters.JUnitReportReporter -->
<testsuite hostname="Saiful" name="com.viasat.HeaderLink" tests="6" failures="0" timestamp="25 Nov 2017 20:15:46 GMT" time="85.232" errors="0">
  <testcase name="aboutLinkTest" time="14.294" classname="com.viasat.HeaderLink"/>
  <testcase name="supportTrainingLinkTest" time="13.822" classname="com.viasat.HeaderLink"/>
  <testcase name="careersLinkTest" time="13.628" classname="com.viasat.HeaderLink"/>
  <testcase name="contactLinkTest" time="14.527" classname="com.viasat.HeaderLink"/>
  <testcase name="industriesApplicationsLinkTest" time="13.993" classname="com.viasat.HeaderLink"/>
  <testcase name="serviceSystemLinkTest" time="14.968" classname="com.viasat.HeaderLink"/>
</testsuite> <!-- com.viasat.HeaderLink -->
