<?xml version="1.0" encoding="UTF-8"?>
<!-- Generated by org.testng.reporters.JUnitReportReporter -->
<testsuite hostname="Saiful" name="com.viasat.HeaderLinkClickLoop" tests="1" failures="0" timestamp="26 Nov 2017 04:53:39 GMT" time="11.353" errors="0">
  <testcase name="serviceSystemLinkTest" time="11.353" classname="com.viasat.HeaderLinkClickLoop"/>
</testsuite> <!-- com.viasat.HeaderLinkClickLoop -->
