<?xml version="1.0" encoding="UTF-8"?>
<!-- Generated by org.testng.reporters.JUnitReportReporter -->
<testsuite hostname="Saiful" name="com.viasat.HeaderLinkClickLoop" tests="1" failures="0" timestamp="25 Nov 2017 23:43:49 GMT" time="10.919" errors="0">
  <testcase name="serviceSystemLinkTest" time="10.919" classname="com.viasat.HeaderLinkClickLoop"/>
</testsuite> <!-- com.viasat.HeaderLinkClickLoop -->
