<?xml version="1.0" encoding="UTF-8"?>
<!-- Generated by org.testng.reporters.JUnitReportReporter -->
<testsuite hostname="Saiful" name="com.viasat.WindowHandle" tests="1" failures="0" timestamp="3 Dec 2017 10:52:51 GMT" time="7.044" errors="0">
  <testcase name="closeChildWindowTest" time="7.044" classname="com.viasat.WindowHandle"/>
</testsuite> <!-- com.viasat.WindowHandle -->
