<?xml version="1.0" encoding="UTF-8"?>
<!-- Generated by org.testng.reporters.JUnitReportReporter -->
<testsuite hostname="Saiful" name="com.viasat.HeaderLinkMouseHover" tests="2" failures="0" timestamp="25 Nov 2017 20:37:27 GMT" time="19.426" errors="0">
  <testcase name="industriesApplicationsLinkMouseHoverTest" time="7.847" classname="com.viasat.HeaderLinkMouseHover"/>
  <testcase name="serviceSystemLinkMouseHoverTest" time="11.579" classname="com.viasat.HeaderLinkMouseHover"/>
</testsuite> <!-- com.viasat.HeaderLinkMouseHover -->
