<?xml version="1.0" encoding="UTF-8"?>
<!-- Generated by org.testng.reporters.JUnitReportReporter -->
<testsuite hostname="Saiful" name="com.viasat.ScreenShot" tests="1" failures="0" timestamp="3 Dec 2017 08:19:31 GMT" time="10.766" errors="0">
  <testcase name="captureScreenShotTest" time="10.766" classname="com.viasat.ScreenShot"/>
</testsuite> <!-- com.viasat.ScreenShot -->
