<?xml version="1.0" encoding="UTF-8"?>
<!-- Generated by org.testng.reporters.JUnitReportReporter -->
<testsuite hostname="Saiful" name="com.viasat.ReadDataFromExcel" tests="1" failures="0" timestamp="5 Dec 2017 04:50:41 GMT" time="0.807" errors="0">
  <testcase name="connectExcel" time="0.807" classname="com.viasat.ReadDataFromExcel"/>
</testsuite> <!-- com.viasat.ReadDataFromExcel -->
