<?xml version="1.0" encoding="UTF-8"?>
<!-- Generated by org.testng.reporters.JUnitReportReporter -->
<testsuite hostname="Saiful" name="com.viasat.JdbcSqlConnection" tests="1" failures="0" timestamp="5 Dec 2017 05:35:23 GMT" time="14.711" errors="0">
  <testcase name="sqlJdbcConnectionTest" time="14.711" classname="com.viasat.JdbcSqlConnection"/>
</testsuite> <!-- com.viasat.JdbcSqlConnection -->
